Determining if the pthread_create exist failed with the following output:
Change Dir: /root/coins/catalyst2/build/release/CMakeFiles/CMakeTmp

Run Build Command:"/usr/bin/make" "cmTC_ce794/fast"
make[1]: Entering directory '/root/coins/catalyst2/build/release/CMakeFiles/CMakeTmp'
/usr/bin/make -f CMakeFiles/cmTC_ce794.dir/build.make CMakeFiles/cmTC_ce794.dir/build
make[2]: Entering directory '/root/coins/catalyst2/build/release/CMakeFiles/CMakeTmp'
Building C object CMakeFiles/cmTC_ce794.dir/CheckSymbolExists.c.o
/usr/bin/cc    -o CMakeFiles/cmTC_ce794.dir/CheckSymbolExists.c.o   -c /root/coins/catalyst2/build/release/CMakeFiles/CMakeTmp/CheckSymbolExists.c
Linking C executable cmTC_ce794
/usr/local/bin/cmake -E cmake_link_script CMakeFiles/cmTC_ce794.dir/link.txt --verbose=1
/usr/bin/cc      CMakeFiles/cmTC_ce794.dir/CheckSymbolExists.c.o  -o cmTC_ce794 
CMakeFiles/cmTC_ce794.dir/CheckSymbolExists.c.o: In function `main':
CheckSymbolExists.c:(.text+0x1b): undefined reference to `pthread_create'
collect2: error: ld returned 1 exit status
CMakeFiles/cmTC_ce794.dir/build.make:86: recipe for target 'cmTC_ce794' failed
make[2]: *** [cmTC_ce794] Error 1
make[2]: Leaving directory '/root/coins/catalyst2/build/release/CMakeFiles/CMakeTmp'
Makefile:126: recipe for target 'cmTC_ce794/fast' failed
make[1]: *** [cmTC_ce794/fast] Error 2
make[1]: Leaving directory '/root/coins/catalyst2/build/release/CMakeFiles/CMakeTmp'

File /root/coins/catalyst2/build/release/CMakeFiles/CMakeTmp/CheckSymbolExists.c:
/* */
#include <pthread.h>

int main(int argc, char** argv)
{
  (void)argv;
#ifndef pthread_create
  return ((int*)(&pthread_create))[argc];
#else
  (void)argc;
  return 0;
#endif
}

